This is XeTeX, Version 3.14159265-2.6-0.99999 (MiKTeX 2.9.6840 64-bit) (preloaded format=xelatex 2018.12.11)  15 MAY 2019 22:04
entering extended mode
**C:/Users/dgatl_000/Documents/resume/resume_spring_2019.tex
(C:/Users/dgatl_000/Documents/resume/resume_spring_2019.tex
LaTeX2e <2018-04-01> patch level 5

("C:\Users\dgatl_000\AppData\Local\Programs\MiKTeX 2.9.6\tex\latex\base\article
.cls"
Document Class: article 2014/09/29 v1.4h Standard LaTeX document class

("C:\Users\dgatl_000\AppData\Local\Programs\MiKTeX 2.9.6\tex\latex\base\size10.
clo"
File: size10.clo 2014/09/29 v1.4h Standard LaTeX file (size option)
)
\c@part=\count80
\c@section=\count81
\c@subsection=\count82
\c@subsubsection=\count83
\c@paragraph=\count84
\c@subparagraph=\count85
\c@figure=\count86
\c@table=\count87
\abovecaptionskip=\skip41
\belowcaptionskip=\skip42
\bibindent=\dimen102
) (structure.tex
("C:\Users\dgatl_000\AppData\Local\Programs\MiKTeX 2.9.6\tex\latex\etoolbox\eto
olbox.sty"
Package: etoolbox 2018/08/19 v2.5f e-TeX tools for LaTeX (JAW)
\etb@tempcnta=\count88
)
("C:\Users\dgatl_000\AppData\Local\Programs\MiKTeX 2.9.6\tex\latex\supertabular
\supertabular.sty"
Package: supertabular 2004/02/20 v4.1e the supertabular environment
\c@tracingst=\count89
\ST@wd=\dimen103
\ST@rightskip=\skip43
\ST@leftskip=\skip44
\ST@parfillskip=\skip45
\ST@pageleft=\dimen104
\ST@headht=\dimen105
\ST@tailht=\dimen106
\ST@pagesofar=\dimen107
\ST@pboxht=\dimen108
\ST@lineht=\dimen109
\ST@stretchht=\dimen110
\ST@prevht=\dimen111
\ST@toadd=\dimen112
\ST@dimen=\dimen113
\ST@pbox=\box26
)
("C:\Users\dgatl_000\AppData\Local\Programs\MiKTeX 2.9.6\tex\latex\geometry\geo
metry.sty"
Package: geometry 2018/04/16 v5.8 Page Geometry

("C:\Users\dgatl_000\AppData\Local\Programs\MiKTeX 2.9.6\tex\latex\graphics\key
val.sty"
Package: keyval 2014/10/28 v1.15 key=value parser (DPC)
\KV@toks@=\toks14
)
("C:\Users\dgatl_000\AppData\Local\Programs\MiKTeX 2.9.6\tex\generic\oberdiek\i
fpdf.sty"
Package: ifpdf 2018/09/07 v3.3 Provides the ifpdf switch
)
("C:\Users\dgatl_000\AppData\Local\Programs\MiKTeX 2.9.6\tex\generic\oberdiek\i
fvtex.sty"
Package: ifvtex 2016/05/16 v1.6 Detect VTeX and its facilities (HO)
Package ifvtex Info: VTeX not detected.
)
("C:\Users\dgatl_000\AppData\Local\Programs\MiKTeX 2.9.6\tex\generic\ifxetex\if
xetex.sty"
Package: ifxetex 2010/09/12 v0.6 Provides ifxetex conditional
)
\Gm@cnth=\count90
\Gm@cntv=\count91
\c@Gm@tempcnt=\count92
\Gm@bindingoffset=\dimen114
\Gm@wd@mp=\dimen115
\Gm@odd@mp=\dimen116
\Gm@even@mp=\dimen117
\Gm@layoutwidth=\dimen118
\Gm@layoutheight=\dimen119
\Gm@layouthoffset=\dimen120
\Gm@layoutvoffset=\dimen121
\Gm@dimlist=\toks15

("C:\Users\dgatl_000\AppData\Local\Programs\MiKTeX 2.9.6\tex\xelatex\xetexconfi
g\geometry.cfg"))
("C:\Users\dgatl_000\AppData\Local\Programs\MiKTeX 2.9.6\tex\latex\paracol\para
col.sty"
Package: paracol 2018/12/31 v1.35 
\pcol@currcol=\count93
\pcol@nextcol=\count94
\pcol@ncol=\count95
\pcol@ncolleft=\count96
\pcol@page=\count97
\pcol@basepage=\count98
\pcol@toppage=\count99
\pcol@footnotebase=\count100
\pcol@nfootnotes=\count101
\pcol@mcid=\count102
\pcol@prevdepth=\dimen122
\pcol@colht=\dimen123
\pcol@textfloatsep=\dimen124
\pcol@lrmargin=\dimen125
\pagerim=\dimen126
\pcol@topskip=\skip46
\belowfootnoteskip=\skip47
\pcol@topfnotes=\box27
\pcol@prespan=\box28
\pcol@rightpage=\box29
\pcol@colorstack@saved=\box30
\pcol@tempboxa=\box31
\pcol@tempboxb=\box32
\pcol@colorins=\insert199
\pcol@everyvbox=\toks16
)
("C:\Users\dgatl_000\AppData\Local\Programs\MiKTeX 2.9.6\tex\latex\fontspec\fon
tspec.sty"
("C:\Users\dgatl_000\AppData\Local\Programs\MiKTeX 2.9.6\tex\latex\l3packages\x
parse\xparse.sty"
("C:\Users\dgatl_000\AppData\Local\Programs\MiKTeX 2.9.6\tex\latex\l3kernel\exp
l3.sty"
Package: expl3 2018-10-31 L3 programming layer (loader) 

("C:\Users\dgatl_000\AppData\Local\Programs\MiKTeX 2.9.6\tex\latex\l3kernel\exp
l3-code.tex"
Package: expl3 2018-10-31 L3 programming layer (code)
\c_max_int=\count103
\l_tmpa_int=\count104
\l_tmpb_int=\count105
\g_tmpa_int=\count106
\g_tmpb_int=\count107
\g__kernel_prg_map_int=\count108
\c_log_iow=\count109
\l_iow_line_count_int=\count110
\l__iow_line_target_int=\count111
\l__iow_one_indent_int=\count112
\l__iow_indent_int=\count113
\c_zero_dim=\dimen127
\c_max_dim=\dimen128
\l_tmpa_dim=\dimen129
\l_tmpb_dim=\dimen130
\g_tmpa_dim=\dimen131
\g_tmpb_dim=\dimen132
\c_zero_skip=\skip48
\c_max_skip=\skip49
\l_tmpa_skip=\skip50
\l_tmpb_skip=\skip51
\g_tmpa_skip=\skip52
\g_tmpb_skip=\skip53
\c_zero_muskip=\muskip10
\c_max_muskip=\muskip11
\l_tmpa_muskip=\muskip12
\l_tmpb_muskip=\muskip13
\g_tmpa_muskip=\muskip14
\g_tmpb_muskip=\muskip15
\l_keys_choice_int=\count114
\l__intarray_loop_int=\count115
\c__intarray_sp_dim=\dimen133
\g__intarray_font_int=\count116
\c__fp_leading_shift_int=\count117
\c__fp_middle_shift_int=\count118
\c__fp_trailing_shift_int=\count119
\c__fp_big_leading_shift_int=\count120
\c__fp_big_middle_shift_int=\count121
\c__fp_big_trailing_shift_int=\count122
\c__fp_Bigg_leading_shift_int=\count123
\c__fp_Bigg_middle_shift_int=\count124
\c__fp_Bigg_trailing_shift_int=\count125
\g__fp_array_int=\count126
\l__fp_array_loop_int=\count127
\l__sort_length_int=\count128
\l__sort_min_int=\count129
\l__sort_top_int=\count130
\l__sort_max_int=\count131
\l__sort_true_max_int=\count132
\l__sort_block_int=\count133
\l__sort_begin_int=\count134
\l__sort_end_int=\count135
\l__sort_A_int=\count136
\l__sort_B_int=\count137
\l__sort_C_int=\count138
\l__tl_analysis_normal_int=\count139
\l__tl_analysis_index_int=\count140
\l__tl_analysis_nesting_int=\count141
\l__tl_analysis_type_int=\count142
\l__regex_internal_a_int=\count143
\l__regex_internal_b_int=\count144
\l__regex_internal_c_int=\count145
\l__regex_balance_int=\count146
\l__regex_group_level_int=\count147
\l__regex_mode_int=\count148
\c__regex_cs_in_class_mode_int=\count149
\c__regex_cs_mode_int=\count150
\l__regex_catcodes_int=\count151
\l__regex_default_catcodes_int=\count152
\c__regex_catcode_L_int=\count153
\c__regex_catcode_O_int=\count154
\c__regex_catcode_A_int=\count155
\c__regex_all_catcodes_int=\count156
\l__regex_show_lines_int=\count157
\l__regex_min_state_int=\count158
\l__regex_max_state_int=\count159
\l__regex_left_state_int=\count160
\l__regex_right_state_int=\count161
\l__regex_capturing_group_int=\count162
\l__regex_min_pos_int=\count163
\l__regex_max_pos_int=\count164
\l__regex_curr_pos_int=\count165
\l__regex_start_pos_int=\count166
\l__regex_success_pos_int=\count167
\l__regex_curr_char_int=\count168
\l__regex_curr_catcode_int=\count169
\l__regex_last_char_int=\count170
\l__regex_case_changed_char_int=\count171
\l__regex_curr_state_int=\count172
\l__regex_step_int=\count173
\l__regex_min_active_int=\count174
\l__regex_max_active_int=\count175
\l__regex_replacement_csnames_int=\count176
\l__regex_match_count_int=\count177
\l__regex_min_submatch_int=\count178
\l__regex_submatch_int=\count179
\l__regex_zeroth_submatch_int=\count180
\g__regex_trace_regex_int=\count181
\c_empty_box=\box33
\l_tmpa_box=\box34
\l_tmpb_box=\box35
\g_tmpa_box=\box36
\g_tmpb_box=\box37
\l__box_top_dim=\dimen134
\l__box_bottom_dim=\dimen135
\l__box_left_dim=\dimen136
\l__box_right_dim=\dimen137
\l__box_top_new_dim=\dimen138
\l__box_bottom_new_dim=\dimen139
\l__box_left_new_dim=\dimen140
\l__box_right_new_dim=\dimen141
\l__box_internal_box=\box38
\l__coffin_internal_box=\box39
\l__coffin_internal_dim=\dimen142
\l__coffin_offset_x_dim=\dimen143
\l__coffin_offset_y_dim=\dimen144
\l__coffin_x_dim=\dimen145
\l__coffin_y_dim=\dimen146
\l__coffin_x_prime_dim=\dimen147
\l__coffin_y_prime_dim=\dimen148
\c_empty_coffin=\box40
\l__coffin_aligned_coffin=\box41
\l__coffin_aligned_internal_coffin=\box42
\l_tmpa_coffin=\box43
\l_tmpb_coffin=\box44
\l__coffin_display_coffin=\box45
\l__coffin_display_coord_coffin=\box46
\l__coffin_display_pole_coffin=\box47
\l__coffin_display_offset_dim=\dimen149
\l__coffin_display_x_dim=\dimen150
\l__coffin_display_y_dim=\dimen151
\g__file_internal_ior=\read1
\l__coffin_bounding_shift_dim=\dimen152
\l__coffin_left_corner_dim=\dimen153
\l__coffin_right_corner_dim=\dimen154
\l__coffin_bottom_corner_dim=\dimen155
\l__coffin_top_corner_dim=\dimen156
\l__coffin_scaled_total_height_dim=\dimen157
\l__coffin_scaled_width_dim=\dimen158
)
("C:\Users\dgatl_000\AppData\Local\Programs\MiKTeX 2.9.6\tex\latex\l3kernel\l3x
dvipdfmx.def"
File: l3xdvidpfmx.def 2018-10-31 v L3 Experimental driver: xdvipdfmx
\g__driver_image_int=\count182
\g__driver_pdf_object_int=\count183
))
Package: xparse 2018-10-17 L3 Experimental document command parser
\l__xparse_current_arg_int=\count184
\g__xparse_grabber_int=\count185
\l__xparse_m_args_int=\count186
\l__xparse_mandatory_args_int=\count187
\l__xparse_v_nesting_int=\count188
)
Package: fontspec 2018/07/30 vv2.6h Font selection for XeLaTeX and LuaLaTeX

("C:\Users\dgatl_000\AppData\Local\Programs\MiKTeX 2.9.6\tex\latex\fontspec\fon
tspec-xetex.sty"
Package: fontspec-xetex 2018/07/30 vv2.6h Font selection for XeLaTeX and LuaLaT
eX
\l__fontspec_script_int=\count189
\l__fontspec_language_int=\count190
\l__fontspec_strnum_int=\count191
\l__fontspec_tmp_int=\count192
\l__fontspec_em_int=\count193
\l__fontspec_emdef_int=\count194
\l__fontspec_strong_int=\count195
\l__fontspec_strongdef_int=\count196
\l__fontspec_tmpa_dim=\dimen159
\l__fontspec_tmpb_dim=\dimen160
\l__fontspec_tmpc_dim=\dimen161

("C:\Users\dgatl_000\AppData\Local\Programs\MiKTeX 2.9.6\tex\latex\base\fontenc
.sty"
Package: fontenc 2017/04/05 v2.0i Standard LaTeX package

("C:\Users\dgatl_000\AppData\Local\Programs\MiKTeX 2.9.6\tex\latex\base\tuenc.d
ef"
File: tuenc.def 2017/04/05 v2.0i Standard LaTeX file
LaTeX Font Info:    Redeclaring font encoding TU on input line 82.
))
("C:\Users\dgatl_000\AppData\Local\Programs\MiKTeX 2.9.6\tex\latex\fontspec\fon
tspec.cfg")
LaTeX Info: Redefining \itshape on input line 3910.
LaTeX Info: Redefining \slshape on input line 3915.
LaTeX Info: Redefining \scshape on input line 3920.
LaTeX Info: Redefining \upshape on input line 3925.
LaTeX Info: Redefining \em on input line 3955.
LaTeX Info: Redefining \emph on input line 3980.
LaTeX Info: Redefining \- on input line 4034.
))

Package fontspec Info: Font family 'EBGaramond(0)' created for font
(fontspec)             'EBGaramond' with options
(fontspec)             [Ligatures=TeX,Path=fonts/,UprightFont=*-Regular.ttf,Bol
dFont=*-Bold.ttf,BoldItalicFont=*-BoldItalic.ttf,ItalicFont=*-Italic.ttf,SmallC
apsFont=*-SC.ttf].
(fontspec)              
(fontspec)              This font family consists of the following NFSS
(fontspec)             series/shapes:
(fontspec)              
(fontspec)             - 'normal' (m/n) with NFSS spec.:
(fontspec)             <->"[fonts/EBGaramond-Regular.ttf]/OT:script=latn;langua
ge=DFLT;mapping=tex-text;"
(fontspec)             - 'small caps'  (m/sc) with NFSS spec.:
(fontspec)             <->"[fonts/EBGaramond-SC.ttf]/OT:script=latn;language=DF
LT;mapping=tex-text;"
(fontspec)             - 'bold' (bx/n) with NFSS spec.:
(fontspec)             <->"[fonts/EBGaramond-Bold.ttf]/OT:script=latn;language=
DFLT;mapping=tex-text;"
(fontspec)             - 'bold small caps'  (bx/sc) with NFSS spec.:
(fontspec)             <->"[fonts/EBGaramond-SC.ttf]/OT:script=latn;language=DF
LT;mapping=tex-text;"
(fontspec)             - 'italic' (m/it) with NFSS spec.:
(fontspec)             <->"[fonts/EBGaramond-Italic.ttf]/OT:script=latn;languag
e=DFLT;mapping=tex-text;"
(fontspec)             - 'italic small caps'  (m/itsc) with NFSS spec.:
(fontspec)             <->"[fonts/EBGaramond-SC.ttf]/OT:script=latn;language=DF
LT;mapping=tex-text;"
(fontspec)             - 'bold italic' (bx/it) with NFSS spec.:
(fontspec)             <->"[fonts/EBGaramond-BoldItalic.ttf]/OT:script=latn;lan
guage=DFLT;mapping=tex-text;"
(fontspec)             - 'bold italic small caps'  (bx/itsc) with NFSS spec.:
(fontspec)             <->"[fonts/EBGaramond-SC.ttf]/OT:script=latn;language=DF
LT;mapping=tex-text;"

LaTeX Info: Redefining \rmfamily on input line 63.

Package fontspec Info: Font "freebooterscript" does not contain any OpenType
(fontspec)             `Script' information.


Package fontspec Info: Font family 'freebooterscript(0)' created for font
(fontspec)             'freebooterscript' with options [Path=fonts/].
(fontspec)              
(fontspec)              This font family consists of the following NFSS
(fontspec)             series/shapes:
(fontspec)              
(fontspec)             - 'normal' (m/n) with NFSS spec.:
(fontspec)             <->"[fonts/freebooterscript]/OT"
(fontspec)             - 'small caps'  (m/sc) with NFSS spec.: 


Package fontspec Info: Font "FontAwesome" does not contain any OpenType
(fontspec)             `Script' information.


Package fontspec Info: Font family 'FontAwesome(0)' created for font
(fontspec)             'FontAwesome' with options [Path=fonts/].
(fontspec)              
(fontspec)              This font family consists of the following NFSS
(fontspec)             series/shapes:
(fontspec)              
(fontspec)             - 'normal' (m/n) with NFSS spec.:
(fontspec)             <->"[fonts/FontAwesome]/OT"
(fontspec)             - 'small caps'  (m/sc) with NFSS spec.: 

 (fonts/fontawesomesymbols-xeluatex.tex)
("C:\Users\dgatl_000\AppData\Local\Programs\MiKTeX 2.9.6\tex\latex\libertine\li
bertine.sty"
Package: libertine 2018/01/03 (Bob Tennent) Supports Libertine and Biolinum fon
ts for all LaTeX engines.

("C:\Users\dgatl_000\AppData\Local\Programs\MiKTeX 2.9.6\tex\generic\oberdiek\i
fluatex.sty"
Package: ifluatex 2016/05/16 v1.4 Provides the ifluatex switch (HO)
Package ifluatex Info: LuaTeX not detected.
)
("C:\Users\dgatl_000\AppData\Local\Programs\MiKTeX 2.9.6\tex\latex\xkeyval\xkey
val.sty"
Package: xkeyval 2014/12/03 v2.7a package option processing (HA)

("C:\Users\dgatl_000\AppData\Local\Programs\MiKTeX 2.9.6\tex\generic\xkeyval\xk
eyval.tex"
("C:\Users\dgatl_000\AppData\Local\Programs\MiKTeX 2.9.6\tex\generic\xkeyval\xk
vutils.tex"
\XKV@toks=\toks17
\XKV@tempa@toks=\toks18
)
\XKV@depth=\count197
File: xkeyval.tex 2014/12/03 v2.7a key=value parser (HA)
))
("C:\Users\dgatl_000\AppData\Local\Programs\MiKTeX 2.9.6\tex\latex\base\textcom
p.sty"
Package: textcomp 2017/04/05 v2.0i Standard LaTeX package
Package textcomp Info: Sub-encoding information:
(textcomp)               5 = only ISO-Adobe without \textcurrency
(textcomp)               4 = 5 + \texteuro
(textcomp)               3 = 4 + \textohm
(textcomp)               2 = 3 + \textestimated + \textcurrency
(textcomp)               1 = TS1 - \textcircled - \t
(textcomp)               0 = TS1 (full)
(textcomp)             Font families with sub-encoding setting implement
(textcomp)             only a restricted character set as indicated.
(textcomp)             Family '?' is the default used for unknown fonts.
(textcomp)             See the documentation for details.
Package textcomp Info: Setting ? sub-encoding to TS1/1 on input line 79.

("C:\Users\dgatl_000\AppData\Local\Programs\MiKTeX 2.9.6\tex\latex\base\ts1enc.
def"
File: ts1enc.def 2001/06/05 v3.0e (jk/car/fm) Standard LaTeX file
)
LaTeX Info: Redefining \oldstylenums on input line 334.
Package textcomp Info: Setting cmr sub-encoding to TS1/0 on input line 349.
Package textcomp Info: Setting cmss sub-encoding to TS1/0 on input line 350.
Package textcomp Info: Setting cmtt sub-encoding to TS1/0 on input line 351.
Package textcomp Info: Setting cmvtt sub-encoding to TS1/0 on input line 352.
Package textcomp Info: Setting cmbr sub-encoding to TS1/0 on input line 353.
Package textcomp Info: Setting cmtl sub-encoding to TS1/0 on input line 354.
Package textcomp Info: Setting ccr sub-encoding to TS1/0 on input line 355.
Package textcomp Info: Setting ptm sub-encoding to TS1/4 on input line 356.
Package textcomp Info: Setting pcr sub-encoding to TS1/4 on input line 357.
Package textcomp Info: Setting phv sub-encoding to TS1/4 on input line 358.
Package textcomp Info: Setting ppl sub-encoding to TS1/3 on input line 359.
Package textcomp Info: Setting pag sub-encoding to TS1/4 on input line 360.
Package textcomp Info: Setting pbk sub-encoding to TS1/4 on input line 361.
Package textcomp Info: Setting pnc sub-encoding to TS1/4 on input line 362.
Package textcomp Info: Setting pzc sub-encoding to TS1/4 on input line 363.
Package textcomp Info: Setting bch sub-encoding to TS1/4 on input line 364.
Package textcomp Info: Setting put sub-encoding to TS1/5 on input line 365.
Package textcomp Info: Setting uag sub-encoding to TS1/5 on input line 366.
Package textcomp Info: Setting ugq sub-encoding to TS1/5 on input line 367.
Package textcomp Info: Setting ul8 sub-encoding to TS1/4 on input line 368.
Package textcomp Info: Setting ul9 sub-encoding to TS1/4 on input line 369.
Package textcomp Info: Setting augie sub-encoding to TS1/5 on input line 370.
Package textcomp Info: Setting dayrom sub-encoding to TS1/3 on input line 371.
Package textcomp Info: Setting dayroms sub-encoding to TS1/3 on input line 372.

Package textcomp Info: Setting pxr sub-encoding to TS1/0 on input line 373.
Package textcomp Info: Setting pxss sub-encoding to TS1/0 on input line 374.
Package textcomp Info: Setting pxtt sub-encoding to TS1/0 on input line 375.
Package textcomp Info: Setting txr sub-encoding to TS1/0 on input line 376.
Package textcomp Info: Setting txss sub-encoding to TS1/0 on input line 377.
Package textcomp Info: Setting txtt sub-encoding to TS1/0 on input line 378.
Package textcomp Info: Setting lmr sub-encoding to TS1/0 on input line 379.
Package textcomp Info: Setting lmdh sub-encoding to TS1/0 on input line 380.
Package textcomp Info: Setting lmss sub-encoding to TS1/0 on input line 381.
Package textcomp Info: Setting lmssq sub-encoding to TS1/0 on input line 382.
Package textcomp Info: Setting lmvtt sub-encoding to TS1/0 on input line 383.
Package textcomp Info: Setting lmtt sub-encoding to TS1/0 on input line 384.
Package textcomp Info: Setting qhv sub-encoding to TS1/0 on input line 385.
Package textcomp Info: Setting qag sub-encoding to TS1/0 on input line 386.
Package textcomp Info: Setting qbk sub-encoding to TS1/0 on input line 387.
Package textcomp Info: Setting qcr sub-encoding to TS1/0 on input line 388.
Package textcomp Info: Setting qcs sub-encoding to TS1/0 on input line 389.
Package textcomp Info: Setting qpl sub-encoding to TS1/0 on input line 390.
Package textcomp Info: Setting qtm sub-encoding to TS1/0 on input line 391.
Package textcomp Info: Setting qzc sub-encoding to TS1/0 on input line 392.
Package textcomp Info: Setting qhvc sub-encoding to TS1/0 on input line 393.
Package textcomp Info: Setting futs sub-encoding to TS1/4 on input line 394.
Package textcomp Info: Setting futx sub-encoding to TS1/4 on input line 395.
Package textcomp Info: Setting futj sub-encoding to TS1/4 on input line 396.
Package textcomp Info: Setting hlh sub-encoding to TS1/3 on input line 397.
Package textcomp Info: Setting hls sub-encoding to TS1/3 on input line 398.
Package textcomp Info: Setting hlst sub-encoding to TS1/3 on input line 399.
Package textcomp Info: Setting hlct sub-encoding to TS1/5 on input line 400.
Package textcomp Info: Setting hlx sub-encoding to TS1/5 on input line 401.
Package textcomp Info: Setting hlce sub-encoding to TS1/5 on input line 402.
Package textcomp Info: Setting hlcn sub-encoding to TS1/5 on input line 403.
Package textcomp Info: Setting hlcw sub-encoding to TS1/5 on input line 404.
Package textcomp Info: Setting hlcf sub-encoding to TS1/5 on input line 405.
Package textcomp Info: Setting pplx sub-encoding to TS1/3 on input line 406.
Package textcomp Info: Setting pplj sub-encoding to TS1/3 on input line 407.
Package textcomp Info: Setting ptmx sub-encoding to TS1/4 on input line 408.
Package textcomp Info: Setting ptmj sub-encoding to TS1/4 on input line 409.
)
Requested font "[LinBiolinum_R.otf]/OT" at 10.0pt
 -> C:/Users/dgatl_000/AppData/Local/Programs/MiKTeX 2.9.6/fonts/opentype/publi
c/libertine/LinBiolinum_R.otf
Requested font "[LinBiolinum_RB.otf]/OT" at 10.0pt
 -> C:/Users/dgatl_000/AppData/Local/Programs/MiKTeX 2.9.6/fonts/opentype/publi
c/libertine/LinBiolinum_RB.otf
Requested font "[LinBiolinum_RI.otf]/OT" at 10.0pt
 -> C:/Users/dgatl_000/AppData/Local/Programs/MiKTeX 2.9.6/fonts/opentype/publi
c/libertine/LinBiolinum_RI.otf
Requested font "[LinBiolinum_RBO.otf]/OT" at 10.0pt
 -> C:/Users/dgatl_000/AppData/Local/Programs/MiKTeX 2.9.6/fonts/opentype/publi
c/libertine/LinBiolinum_RBO.otf

Package fontspec Info: Font family 'LinBiolinum(0)' created for font
(fontspec)             'LinBiolinum' with options [Ligatures = TeX,Extension =
(fontspec)             .otf,SmallCapsFeatures={Letters=SmallCaps},Ligatures=TeX
,Numbers
(fontspec)             = {Monospaced, },Scale = 0.95,UprightFont =
(fontspec)             *_R,ItalicFont = *_RI,BoldFont = *_RB,BoldItalicFont =
(fontspec)             *_RBO].
(fontspec)              
(fontspec)              This font family consists of the following NFSS
(fontspec)             series/shapes:
(fontspec)              
(fontspec)             - 'normal' (m/n) with NFSS spec.:
(fontspec)             <->s*[0.95]"[LinBiolinum_R.otf]/OT:script=latn;language=
DFLT;+tnum;mapping=tex-text;"
(fontspec)             - 'small caps'  (m/sc) with NFSS spec.:
(fontspec)             <->s*[0.95]"[LinBiolinum_R.otf]/OT:script=latn;language=
DFLT;+tnum;+smcp;mapping=tex-text;"
(fontspec)             - 'bold' (bx/n) with NFSS spec.:
(fontspec)             <->s*[0.95]"[LinBiolinum_RB.otf]/OT:script=latn;language
=DFLT;+tnum;mapping=tex-text;"
(fontspec)             - 'bold small caps'  (bx/sc) with NFSS spec.:
(fontspec)             <->s*[0.95]"[LinBiolinum_RB.otf]/OT:script=latn;language
=DFLT;+tnum;+smcp;mapping=tex-text;"
(fontspec)             - 'italic' (m/it) with NFSS spec.:
(fontspec)             <->s*[0.95]"[LinBiolinum_RI.otf]/OT:script=latn;language
=DFLT;+tnum;mapping=tex-text;"
(fontspec)             - 'italic small caps'  (m/itsc) with NFSS spec.:
(fontspec)             <->s*[0.95]"[LinBiolinum_RI.otf]/OT:script=latn;language
=DFLT;+tnum;+smcp;mapping=tex-text;"
(fontspec)             - 'bold italic' (bx/it) with NFSS spec.:
(fontspec)             <->s*[0.95]"[LinBiolinum_RBO.otf]/OT:script=latn;languag
e=DFLT;+tnum;mapping=tex-text;"
(fontspec)             - 'bold italic small caps'  (bx/itsc) with NFSS spec.:
(fontspec)             <->s*[0.95]"[LinBiolinum_RBO.otf]/OT:script=latn;languag
e=DFLT;+tnum;+smcp;mapping=tex-text;"

LaTeX Info: Redefining \sffamily on input line 315.
Requested font "[LinLibertine_R.otf]/OT" at 10.0pt
 -> C:/Users/dgatl_000/AppData/Local/Programs/MiKTeX 2.9.6/fonts/opentype/publi
c/libertine/LinLibertine_R.otf
Requested font "[LinLibertine_RB.otf]/OT" at 10.0pt
 -> C:/Users/dgatl_000/AppData/Local/Programs/MiKTeX 2.9.6/fonts/opentype/publi
c/libertine/LinLibertine_RB.otf
Requested font "[LinLibertine_RI.otf]/OT" at 10.0pt
 -> C:/Users/dgatl_000/AppData/Local/Programs/MiKTeX 2.9.6/fonts/opentype/publi
c/libertine/LinLibertine_RI.otf
Requested font "[LinLibertine_RBI.otf]/OT" at 10.0pt
 -> C:/Users/dgatl_000/AppData/Local/Programs/MiKTeX 2.9.6/fonts/opentype/publi
c/libertine/LinLibertine_RBI.otf

Package fontspec Info: Font family 'LinLibertine(0)' created for font
(fontspec)             'LinLibertine' with options [Ligatures = TeX,Extension
(fontspec)             = .otf,SmallCapsFeatures={Letters=SmallCaps},Numbers =
(fontspec)             {Monospaced,Lining},Scale = 1,UprightFont =
(fontspec)             *_R,ItalicFont = *_RI,BoldFont = *_RB,BoldItalicFont =
(fontspec)             *_RBI].
(fontspec)              
(fontspec)              This font family consists of the following NFSS
(fontspec)             series/shapes:
(fontspec)              
(fontspec)             - 'normal' (m/n) with NFSS spec.:
(fontspec)             <->s*[1]"[LinLibertine_R.otf]/OT:script=latn;language=DF
LT;+tnum;+lnum;mapping=tex-text;"
(fontspec)             - 'small caps'  (m/sc) with NFSS spec.:
(fontspec)             <->s*[1]"[LinLibertine_R.otf]/OT:script=latn;language=DF
LT;+tnum;+lnum;+smcp;mapping=tex-text;"
(fontspec)             - 'bold' (bx/n) with NFSS spec.:
(fontspec)             <->s*[1]"[LinLibertine_RB.otf]/OT:script=latn;language=D
FLT;+tnum;+lnum;mapping=tex-text;"
(fontspec)             - 'bold small caps'  (bx/sc) with NFSS spec.:
(fontspec)             <->s*[1]"[LinLibertine_RB.otf]/OT:script=latn;language=D
FLT;+tnum;+lnum;+smcp;mapping=tex-text;"
(fontspec)             - 'italic' (m/it) with NFSS spec.:
(fontspec)             <->s*[1]"[LinLibertine_RI.otf]/OT:script=latn;language=D
FLT;+tnum;+lnum;mapping=tex-text;"
(fontspec)             - 'italic small caps'  (m/itsc) with NFSS spec.:
(fontspec)             <->s*[1]"[LinLibertine_RI.otf]/OT:script=latn;language=D
FLT;+tnum;+lnum;+smcp;mapping=tex-text;"
(fontspec)             - 'bold italic' (bx/it) with NFSS spec.:
(fontspec)             <->s*[1]"[LinLibertine_RBI.otf]/OT:script=latn;language=
DFLT;+tnum;+lnum;mapping=tex-text;"
(fontspec)             - 'bold italic small caps'  (bx/itsc) with NFSS spec.:
(fontspec)             <->s*[1]"[LinLibertine_RBI.otf]/OT:script=latn;language=
DFLT;+tnum;+lnum;+smcp;mapping=tex-text;"

Requested font "[LinLibertine_RZ.otf]/OT" at 10.0pt
 -> C:/Users/dgatl_000/AppData/Local/Programs/MiKTeX 2.9.6/fonts/opentype/publi
c/libertine/LinLibertine_RZ.otf
Requested font "[LinLibertine_RZI.otf]/OT" at 10.0pt
 -> C:/Users/dgatl_000/AppData/Local/Programs/MiKTeX 2.9.6/fonts/opentype/publi
c/libertine/LinLibertine_RZI.otf

Package fontspec Info: Font family 'LinLibertine(1)' created for font
(fontspec)             'LinLibertine' with options [Ligatures = TeX,Extension
(fontspec)             = .otf,SmallCapsFeatures={Letters=SmallCaps},Numbers =
(fontspec)             { Lining},Scale = 1,UprightFont = *_RZ,ItalicFont =
(fontspec)             *_RZI,BoldFont = *_RB,BoldItalicFont = *_RBI].
(fontspec)              
(fontspec)              This font family consists of the following NFSS
(fontspec)             series/shapes:
(fontspec)              
(fontspec)             - 'normal' (m/n) with NFSS spec.:
(fontspec)             <->s*[1]"[LinLibertine_RZ.otf]/OT:script=latn;language=D
FLT;+lnum;mapping=tex-text;"
(fontspec)             - 'small caps'  (m/sc) with NFSS spec.:
(fontspec)             <->s*[1]"[LinLibertine_RZ.otf]/OT:script=latn;language=D
FLT;+lnum;+smcp;mapping=tex-text;"
(fontspec)             - 'bold' (bx/n) with NFSS spec.:
(fontspec)             <->s*[1]"[LinLibertine_RB.otf]/OT:script=latn;language=D
FLT;+lnum;mapping=tex-text;"
(fontspec)             - 'bold small caps'  (bx/sc) with NFSS spec.:
(fontspec)             <->s*[1]"[LinLibertine_RB.otf]/OT:script=latn;language=D
FLT;+lnum;+smcp;mapping=tex-text;"
(fontspec)             - 'italic' (m/it) with NFSS spec.:
(fontspec)             <->s*[1]"[LinLibertine_RZI.otf]/OT:script=latn;language=
DFLT;+lnum;mapping=tex-text;"
(fontspec)             - 'italic small caps'  (m/itsc) with NFSS spec.:
(fontspec)             <->s*[1]"[LinLibertine_RZI.otf]/OT:script=latn;language=
DFLT;+lnum;+smcp;mapping=tex-text;"
(fontspec)             - 'bold italic' (bx/it) with NFSS spec.:
(fontspec)             <->s*[1]"[LinLibertine_RBI.otf]/OT:script=latn;language=
DFLT;+lnum;mapping=tex-text;"
(fontspec)             - 'bold italic small caps'  (bx/itsc) with NFSS spec.:
(fontspec)             <->s*[1]"[LinLibertine_RBI.otf]/OT:script=latn;language=
DFLT;+lnum;+smcp;mapping=tex-text;"


Package fontspec Info: Font family 'LinLibertine(2)' created for font
(fontspec)             'LinLibertine' with options [Ligatures = TeX,Extension
(fontspec)             = .otf,SmallCapsFeatures={Letters=SmallCaps},Numbers =
(fontspec)             {Monospaced,OldStyle},Scale = 1,UprightFont =
(fontspec)             *_R,ItalicFont = *_RI,BoldFont = *_RB,BoldItalicFont =
(fontspec)             *_RBI].
(fontspec)              
(fontspec)              This font family consists of the following NFSS
(fontspec)             series/shapes:
(fontspec)              
(fontspec)             - 'normal' (m/n) with NFSS spec.:
(fontspec)             <->s*[1]"[LinLibertine_R.otf]/OT:script=latn;language=DF
LT;+tnum;+onum;mapping=tex-text;"
(fontspec)             - 'small caps'  (m/sc) with NFSS spec.:
(fontspec)             <->s*[1]"[LinLibertine_R.otf]/OT:script=latn;language=DF
LT;+tnum;+onum;+smcp;mapping=tex-text;"
(fontspec)             - 'bold' (bx/n) with NFSS spec.:
(fontspec)             <->s*[1]"[LinLibertine_RB.otf]/OT:script=latn;language=D
FLT;+tnum;+onum;mapping=tex-text;"
(fontspec)             - 'bold small caps'  (bx/sc) with NFSS spec.:
(fontspec)             <->s*[1]"[LinLibertine_RB.otf]/OT:script=latn;language=D
FLT;+tnum;+onum;+smcp;mapping=tex-text;"
(fontspec)             - 'italic' (m/it) with NFSS spec.:
(fontspec)             <->s*[1]"[LinLibertine_RI.otf]/OT:script=latn;language=D
FLT;+tnum;+onum;mapping=tex-text;"
(fontspec)             - 'italic small caps'  (m/itsc) with NFSS spec.:
(fontspec)             <->s*[1]"[LinLibertine_RI.otf]/OT:script=latn;language=D
FLT;+tnum;+onum;+smcp;mapping=tex-text;"
(fontspec)             - 'bold italic' (bx/it) with NFSS spec.:
(fontspec)             <->s*[1]"[LinLibertine_RBI.otf]/OT:script=latn;language=
DFLT;+tnum;+onum;mapping=tex-text;"
(fontspec)             - 'bold italic small caps'  (bx/itsc) with NFSS spec.:
(fontspec)             <->s*[1]"[LinLibertine_RBI.otf]/OT:script=latn;language=
DFLT;+tnum;+onum;+smcp;mapping=tex-text;"

Requested font "[LinLibertine_DR.otf]/OT" at 10.0pt
 -> C:/Users/dgatl_000/AppData/Local/Programs/MiKTeX 2.9.6/fonts/opentype/publi
c/libertine/LinLibertine_DR.otf

Package fontspec Info: Font family 'LinLibertine(3)' created for font
(fontspec)             'LinLibertine' with options [Ligatures = TeX,Extension
(fontspec)             = .otf,SmallCapsFeatures={Letters=SmallCaps},Numbers =
(fontspec)             {Monospaced,Lining},UprightFont = *_DR,ItalicFont =
(fontspec)             *_RI,BoldFont = *_RB,BoldItalicFont = *_RBI].
(fontspec)              
(fontspec)              This font family consists of the following NFSS
(fontspec)             series/shapes:
(fontspec)              
(fontspec)             - 'normal' (m/n) with NFSS spec.:
(fontspec)             <->"[LinLibertine_DR.otf]/OT:script=latn;language=DFLT;+
tnum;+lnum;mapping=tex-text;"
(fontspec)             - 'small caps'  (m/sc) with NFSS spec.: 
(fontspec)             - 'bold' (bx/n) with NFSS spec.:
(fontspec)             <->"[LinLibertine_RB.otf]/OT:script=latn;language=DFLT;+
tnum;+lnum;mapping=tex-text;"
(fontspec)             - 'bold small caps'  (bx/sc) with NFSS spec.:
(fontspec)             <->"[LinLibertine_RB.otf]/OT:script=latn;language=DFLT;+
tnum;+lnum;+smcp;mapping=tex-text;"
(fontspec)             - 'italic' (m/it) with NFSS spec.:
(fontspec)             <->"[LinLibertine_RI.otf]/OT:script=latn;language=DFLT;+
tnum;+lnum;mapping=tex-text;"
(fontspec)             - 'italic small caps'  (m/itsc) with NFSS spec.:
(fontspec)             <->"[LinLibertine_RI.otf]/OT:script=latn;language=DFLT;+
tnum;+lnum;+smcp;mapping=tex-text;"
(fontspec)             - 'bold italic' (bx/it) with NFSS spec.:
(fontspec)             <->"[LinLibertine_RBI.otf]/OT:script=latn;language=DFLT;
+tnum;+lnum;mapping=tex-text;"
(fontspec)             - 'bold italic small caps'  (bx/itsc) with NFSS spec.:
(fontspec)             <->"[LinLibertine_RBI.otf]/OT:script=latn;language=DFLT;
+tnum;+lnum;+smcp;mapping=tex-text;"


Package fontspec Info: Font family 'LinBiolinum(1)' created for font
(fontspec)             'LinBiolinum' with options [Ligatures = TeX,Extension =
(fontspec)             .otf,SmallCapsFeatures={Letters=SmallCaps},Numbers =
(fontspec)             {Monospaced, },Scale = 0.95,UprightFont =
(fontspec)             *_R,ItalicFont = *_RI,BoldFont = *_RB,BoldItalicFont =
(fontspec)             *_RBO].
(fontspec)              
(fontspec)              This font family consists of the following NFSS
(fontspec)             series/shapes:
(fontspec)              
(fontspec)             - 'normal' (m/n) with NFSS spec.:
(fontspec)             <->s*[0.95]"[LinBiolinum_R.otf]/OT:script=latn;language=
DFLT;+tnum;mapping=tex-text;"
(fontspec)             - 'small caps'  (m/sc) with NFSS spec.:
(fontspec)             <->s*[0.95]"[LinBiolinum_R.otf]/OT:script=latn;language=
DFLT;+tnum;+smcp;mapping=tex-text;"
(fontspec)             - 'bold' (bx/n) with NFSS spec.:
(fontspec)             <->s*[0.95]"[LinBiolinum_RB.otf]/OT:script=latn;language
=DFLT;+tnum;mapping=tex-text;"
(fontspec)             - 'bold small caps'  (bx/sc) with NFSS spec.:
(fontspec)             <->s*[0.95]"[LinBiolinum_RB.otf]/OT:script=latn;language
=DFLT;+tnum;+smcp;mapping=tex-text;"
(fontspec)             - 'italic' (m/it) with NFSS spec.:
(fontspec)             <->s*[0.95]"[LinBiolinum_RI.otf]/OT:script=latn;language
=DFLT;+tnum;mapping=tex-text;"
(fontspec)             - 'italic small caps'  (m/itsc) with NFSS spec.:
(fontspec)             <->s*[0.95]"[LinBiolinum_RI.otf]/OT:script=latn;language
=DFLT;+tnum;+smcp;mapping=tex-text;"
(fontspec)             - 'bold italic' (bx/it) with NFSS spec.:
(fontspec)             <->s*[0.95]"[LinBiolinum_RBO.otf]/OT:script=latn;languag
e=DFLT;+tnum;mapping=tex-text;"
(fontspec)             - 'bold italic small caps'  (bx/itsc) with NFSS spec.:
(fontspec)             <->s*[0.95]"[LinBiolinum_RBO.otf]/OT:script=latn;languag
e=DFLT;+tnum;+smcp;mapping=tex-text;"


Package fontspec Info: Font family 'LinBiolinum(2)' created for font
(fontspec)             'LinBiolinum' with options [Ligatures = TeX,Extension =
(fontspec)             .otf,SmallCapsFeatures={Letters=SmallCaps},Numbers =
(fontspec)             {Monospaced, OldStyle},Scale = 0.95,UprightFont =
(fontspec)             *_R,ItalicFont = *_RI,BoldFont = *_RB,BoldItalicFont =
(fontspec)             *_RBO].
(fontspec)              
(fontspec)              This font family consists of the following NFSS
(fontspec)             series/shapes:
(fontspec)              
(fontspec)             - 'normal' (m/n) with NFSS spec.:
(fontspec)             <->s*[0.95]"[LinBiolinum_R.otf]/OT:script=latn;language=
DFLT;+tnum;+onum;mapping=tex-text;"
(fontspec)             - 'small caps'  (m/sc) with NFSS spec.:
(fontspec)             <->s*[0.95]"[LinBiolinum_R.otf]/OT:script=latn;language=
DFLT;+tnum;+onum;+smcp;mapping=tex-text;"
(fontspec)             - 'bold' (bx/n) with NFSS spec.:
(fontspec)             <->s*[0.95]"[LinBiolinum_RB.otf]/OT:script=latn;language
=DFLT;+tnum;+onum;mapping=tex-text;"
(fontspec)             - 'bold small caps'  (bx/sc) with NFSS spec.:
(fontspec)             <->s*[0.95]"[LinBiolinum_RB.otf]/OT:script=latn;language
=DFLT;+tnum;+onum;+smcp;mapping=tex-text;"
(fontspec)             - 'italic' (m/it) with NFSS spec.:
(fontspec)             <->s*[0.95]"[LinBiolinum_RI.otf]/OT:script=latn;language
=DFLT;+tnum;+onum;mapping=tex-text;"
(fontspec)             - 'italic small caps'  (m/itsc) with NFSS spec.:
(fontspec)             <->s*[0.95]"[LinBiolinum_RI.otf]/OT:script=latn;language
=DFLT;+tnum;+onum;+smcp;mapping=tex-text;"
(fontspec)             - 'bold italic' (bx/it) with NFSS spec.:
(fontspec)             <->s*[0.95]"[LinBiolinum_RBO.otf]/OT:script=latn;languag
e=DFLT;+tnum;+onum;mapping=tex-text;"
(fontspec)             - 'bold italic small caps'  (bx/itsc) with NFSS spec.:
(fontspec)             <->s*[0.95]"[LinBiolinum_RBO.otf]/OT:script=latn;languag
e=DFLT;+tnum;+onum;+smcp;mapping=tex-text;"


Package fontspec Info: Font family 'LinBiolinum(3)' created for font
(fontspec)             'LinBiolinum' with options [Ligatures = TeX,Extension =
(fontspec)             .otf,SmallCapsFeatures={Letters=SmallCaps},Numbers =
(fontspec)             {Monospaced},Scale = 0.95,UprightFont = *_R,ItalicFont
(fontspec)             = *_RI,BoldFont = *_RB,BoldItalicFont = *_RBO].
(fontspec)              
(fontspec)              This font family consists of the following NFSS
(fontspec)             series/shapes:
(fontspec)              
(fontspec)             - 'normal' (m/n) with NFSS spec.:
(fontspec)             <->s*[0.95]"[LinBiolinum_R.otf]/OT:script=latn;language=
DFLT;+tnum;mapping=tex-text;"
(fontspec)             - 'small caps'  (m/sc) with NFSS spec.:
(fontspec)             <->s*[0.95]"[LinBiolinum_R.otf]/OT:script=latn;language=
DFLT;+tnum;+smcp;mapping=tex-text;"
(fontspec)             - 'bold' (bx/n) with NFSS spec.:
(fontspec)             <->s*[0.95]"[LinBiolinum_RB.otf]/OT:script=latn;language
=DFLT;+tnum;mapping=tex-text;"
(fontspec)             - 'bold small caps'  (bx/sc) with NFSS spec.:
(fontspec)             <->s*[0.95]"[LinBiolinum_RB.otf]/OT:script=latn;language
=DFLT;+tnum;+smcp;mapping=tex-text;"
(fontspec)             - 'italic' (m/it) with NFSS spec.:
(fontspec)             <->s*[0.95]"[LinBiolinum_RI.otf]/OT:script=latn;language
=DFLT;+tnum;mapping=tex-text;"
(fontspec)             - 'italic small caps'  (m/itsc) with NFSS spec.:
(fontspec)             <->s*[0.95]"[LinBiolinum_RI.otf]/OT:script=latn;language
=DFLT;+tnum;+smcp;mapping=tex-text;"
(fontspec)             - 'bold italic' (bx/it) with NFSS spec.:
(fontspec)             <->s*[0.95]"[LinBiolinum_RBO.otf]/OT:script=latn;languag
e=DFLT;+tnum;mapping=tex-text;"
(fontspec)             - 'bold italic small caps'  (bx/itsc) with NFSS spec.:
(fontspec)             <->s*[0.95]"[LinBiolinum_RBO.otf]/OT:script=latn;languag
e=DFLT;+tnum;+smcp;mapping=tex-text;"

Requested font "[LinLibertine_M.otf]/OT" at 10.0pt
 -> C:/Users/dgatl_000/AppData/Local/Programs/MiKTeX 2.9.6/fonts/opentype/publi
c/libertine/LinLibertine_M.otf
Requested font "[LinLibertine_MB.otf]/OT" at 10.0pt
 -> C:/Users/dgatl_000/AppData/Local/Programs/MiKTeX 2.9.6/fonts/opentype/publi
c/libertine/LinLibertine_MB.otf
Requested font "[LinLibertine_MO.otf]/OT" at 10.0pt
 -> C:/Users/dgatl_000/AppData/Local/Programs/MiKTeX 2.9.6/fonts/opentype/publi
c/libertine/LinLibertine_MO.otf
Requested font "[LinLibertine_MBO.otf]/OT" at 10.0pt
 -> C:/Users/dgatl_000/AppData/Local/Programs/MiKTeX 2.9.6/fonts/opentype/publi
c/libertine/LinLibertine_MBO.otf

Package fontspec Info: Font family 'LinLibertine(4)' created for font
(fontspec)             'LinLibertine' with options [Extension =
(fontspec)             .otf,WordSpace={1,0,0},HyphenChar=None,PunctuationSpace=
WordSpace,Scale
(fontspec)             = 1,UprightFont = *_M,ItalicFont = *_MO,BoldFont =
(fontspec)             *_MB,BoldItalicFont = *_MBO].
(fontspec)              
(fontspec)              This font family consists of the following NFSS
(fontspec)             series/shapes:
(fontspec)              
(fontspec)             - 'normal' (m/n) with NFSS spec.:
(fontspec)             <->s*[1]"[LinLibertine_M.otf]/OT:script=latn;language=DF
LT;"
(fontspec)             - 'small caps'  (m/sc) with NFSS spec.: 
(fontspec)             and font adjustment code:
(fontspec)             \fontdimen 2\font =1\fontdimen 2\font \fontdimen 3\font
(fontspec)             =0\fontdimen 3\font \fontdimen 4\font =0\fontdimen
(fontspec)             4\font \fontdimen 7\font =0\fontdimen 2\font
(fontspec)             \tex_hyphenchar:D \font =-1\scan_stop: 
(fontspec)             - 'bold' (bx/n) with NFSS spec.:
(fontspec)             <->s*[1]"[LinLibertine_MB.otf]/OT:script=latn;language=D
FLT;"
(fontspec)             - 'bold small caps'  (bx/sc) with NFSS spec.: 
(fontspec)             and font adjustment code:
(fontspec)             \fontdimen 2\font =1\fontdimen 2\font \fontdimen 3\font
(fontspec)             =0\fontdimen 3\font \fontdimen 4\font =0\fontdimen
(fontspec)             4\font \fontdimen 7\font =0\fontdimen 2\font
(fontspec)             \tex_hyphenchar:D \font =-1\scan_stop: 
(fontspec)             - 'italic' (m/it) with NFSS spec.:
(fontspec)             <->s*[1]"[LinLibertine_MO.otf]/OT:script=latn;language=D
FLT;"
(fontspec)             - 'italic small caps'  (m/itsc) with NFSS spec.: 
(fontspec)             and font adjustment code:
(fontspec)             \fontdimen 2\font =1\fontdimen 2\font \fontdimen 3\font
(fontspec)             =0\fontdimen 3\font \fontdimen 4\font =0\fontdimen
(fontspec)             4\font \fontdimen 7\font =0\fontdimen 2\font
(fontspec)             \tex_hyphenchar:D \font =-1\scan_stop: 
(fontspec)             - 'bold italic' (bx/it) with NFSS spec.:
(fontspec)             <->s*[1]"[LinLibertine_MBO.otf]/OT:script=latn;language=
DFLT;"
(fontspec)             - 'bold italic small caps'  (bx/itsc) with NFSS spec.: 
(fontspec)             and font adjustment code:
(fontspec)             \fontdimen 2\font =1\fontdimen 2\font \fontdimen 3\font
(fontspec)             =0\fontdimen 3\font \fontdimen 4\font =0\fontdimen
(fontspec)             4\font \fontdimen 7\font =0\fontdimen 2\font
(fontspec)             \tex_hyphenchar:D \font =-1\scan_stop: 

LaTeX Info: Redefining \ttfamily on input line 423.

Package fontspec Info: Font family 'LinLibertine(5)' created for font
(fontspec)             'LinLibertine' with options [Extension = .otf,Scale =
(fontspec)             1,UprightFont = *_M,ItalicFont = *_MO,BoldFont =
(fontspec)             *_MB,BoldItalicFont = *_MBO].
(fontspec)              
(fontspec)              This font family consists of the following NFSS
(fontspec)             series/shapes:
(fontspec)              
(fontspec)             - 'normal' (m/n) with NFSS spec.:
(fontspec)             <->s*[1]"[LinLibertine_M.otf]/OT:script=latn;language=DF
LT;"
(fontspec)             - 'small caps'  (m/sc) with NFSS spec.: 
(fontspec)             - 'bold' (bx/n) with NFSS spec.:
(fontspec)             <->s*[1]"[LinLibertine_MB.otf]/OT:script=latn;language=D
FLT;"
(fontspec)             - 'bold small caps'  (bx/sc) with NFSS spec.: 
(fontspec)             - 'italic' (m/it) with NFSS spec.:
(fontspec)             <->s*[1]"[LinLibertine_MO.otf]/OT:script=latn;language=D
FLT;"
(fontspec)             - 'italic small caps'  (m/itsc) with NFSS spec.: 
(fontspec)             - 'bold italic' (bx/it) with NFSS spec.:
(fontspec)             <->s*[1]"[LinLibertine_MBO.otf]/OT:script=latn;language=
DFLT;"
(fontspec)             - 'bold italic small caps'  (bx/itsc) with NFSS spec.: 

Requested font "[LinBiolinum_K.otf]/OT" at 10.0pt
 -> C:/Users/dgatl_000/AppData/Local/Programs/MiKTeX 2.9.6/fonts/opentype/publi
c/libertine/LinBiolinum_K.otf

Package fontspec Info: Font family 'LinBiolinum_K(0)' created for font
(fontspec)             'LinBiolinum_K' with options [Extension =
(fontspec)             .otf,BoldFont={},ItalicFont={},SmallCapsFont={}].
(fontspec)              
(fontspec)              This font family consists of the following NFSS
(fontspec)             series/shapes:
(fontspec)              
(fontspec)             - 'normal' (m/n) with NFSS spec.:
(fontspec)             <->"[LinBiolinum_K.otf]/OT:script=latn;language=DFLT;"
(fontspec)             - 'small caps'  (m/sc) with NFSS spec.: 

Requested font "[LinLibertine_I.otf]/OT" at 10.0pt
 -> C:/Users/dgatl_000/AppData/Local/Programs/MiKTeX 2.9.6/fonts/opentype/publi
c/libertine/LinLibertine_I.otf

Package fontspec Info: Font family 'LinLibertine_I(0)' created for font
(fontspec)             'LinLibertine_I' with options [Extension =
(fontspec)             .otf,BoldFont={},ItalicFont={},SmallCapsFont={}].
(fontspec)              
(fontspec)              This font family consists of the following NFSS
(fontspec)             series/shapes:
(fontspec)              
(fontspec)             - 'normal' (m/n) with NFSS spec.:
(fontspec)             <->"[LinLibertine_I.otf]/OT:script=latn;language=DFLT;"
(fontspec)             - 'small caps'  (m/sc) with NFSS spec.: 


Package fontspec Info: Font family 'LinLibertine(6)' created for font
(fontspec)             'LinLibertine' with options [Extension = .otf,Numbers =
(fontspec)             {Monospaced,Lining},UprightFont = *_R,ItalicFont =
(fontspec)             *_RI,BoldFont = *_RB,BoldItalicFont = *_RBI].
(fontspec)              
(fontspec)              This font family consists of the following NFSS
(fontspec)             series/shapes:
(fontspec)              
(fontspec)             - 'normal' (m/n) with NFSS spec.:
(fontspec)             <->"[LinLibertine_R.otf]/OT:script=latn;language=DFLT;+t
num;+lnum;"
(fontspec)             - 'small caps'  (m/sc) with NFSS spec.:
(fontspec)             <->"[LinLibertine_R.otf]/OT:script=latn;language=DFLT;+t
num;+lnum;+smcp;"
(fontspec)             - 'bold' (bx/n) with NFSS spec.:
(fontspec)             <->"[LinLibertine_RB.otf]/OT:script=latn;language=DFLT;+
tnum;+lnum;"
(fontspec)             - 'bold small caps'  (bx/sc) with NFSS spec.:
(fontspec)             <->"[LinLibertine_RB.otf]/OT:script=latn;language=DFLT;+
tnum;+lnum;+smcp;"
(fontspec)             - 'italic' (m/it) with NFSS spec.:
(fontspec)             <->"[LinLibertine_RI.otf]/OT:script=latn;language=DFLT;+
tnum;+lnum;"
(fontspec)             - 'italic small caps'  (m/itsc) with NFSS spec.:
(fontspec)             <->"[LinLibertine_RI.otf]/OT:script=latn;language=DFLT;+
tnum;+lnum;+smcp;"
(fontspec)             - 'bold italic' (bx/it) with NFSS spec.:
(fontspec)             <->"[LinLibertine_RBI.otf]/OT:script=latn;language=DFLT;
+tnum;+lnum;"
(fontspec)             - 'bold italic small caps'  (bx/itsc) with NFSS spec.:
(fontspec)             <->"[LinLibertine_RBI.otf]/OT:script=latn;language=DFLT;
+tnum;+lnum;+smcp;"


Package fontspec Info: Font family 'LinLibertine(7)' created for font
(fontspec)             'LinLibertine' with options [Extension = .otf,Numbers =
(fontspec)             {Proportional,Lining},UprightFont = *_R,ItalicFont =
(fontspec)             *_RI,BoldFont = *_RB,BoldItalicFont = *_RBI].
(fontspec)              
(fontspec)              This font family consists of the following NFSS
(fontspec)             series/shapes:
(fontspec)              
(fontspec)             - 'normal' (m/n) with NFSS spec.:
(fontspec)             <->"[LinLibertine_R.otf]/OT:script=latn;language=DFLT;+p
num;+lnum;"
(fontspec)             - 'small caps'  (m/sc) with NFSS spec.:
(fontspec)             <->"[LinLibertine_R.otf]/OT:script=latn;language=DFLT;+p
num;+lnum;+smcp;"
(fontspec)             - 'bold' (bx/n) with NFSS spec.:
(fontspec)             <->"[LinLibertine_RB.otf]/OT:script=latn;language=DFLT;+
pnum;+lnum;"
(fontspec)             - 'bold small caps'  (bx/sc) with NFSS spec.:
(fontspec)             <->"[LinLibertine_RB.otf]/OT:script=latn;language=DFLT;+
pnum;+lnum;+smcp;"
(fontspec)             - 'italic' (m/it) with NFSS spec.:
(fontspec)             <->"[LinLibertine_RI.otf]/OT:script=latn;language=DFLT;+
pnum;+lnum;"
(fontspec)             - 'italic small caps'  (m/itsc) with NFSS spec.:
(fontspec)             <->"[LinLibertine_RI.otf]/OT:script=latn;language=DFLT;+
pnum;+lnum;+smcp;"
(fontspec)             - 'bold italic' (bx/it) with NFSS spec.:
(fontspec)             <->"[LinLibertine_RBI.otf]/OT:script=latn;language=DFLT;
+pnum;+lnum;"
(fontspec)             - 'bold italic small caps'  (bx/itsc) with NFSS spec.:
(fontspec)             <->"[LinLibertine_RBI.otf]/OT:script=latn;language=DFLT;
+pnum;+lnum;+smcp;"


Package fontspec Info: Font family 'LinBiolinum(4)' created for font
(fontspec)             'LinBiolinum' with options [Extension = .otf,Numbers =
(fontspec)             {Monospaced,},Scale = 0.95,UprightFont = *_R,ItalicFont
(fontspec)             = *_RI,BoldFont = *_RB,BoldItalicFont = *_RBO].
(fontspec)              
(fontspec)              This font family consists of the following NFSS
(fontspec)             series/shapes:
(fontspec)              
(fontspec)             - 'normal' (m/n) with NFSS spec.:
(fontspec)             <->s*[0.95]"[LinBiolinum_R.otf]/OT:script=latn;language=
DFLT;+tnum;"
(fontspec)             - 'small caps'  (m/sc) with NFSS spec.:
(fontspec)             <->s*[0.95]"[LinBiolinum_R.otf]/OT:script=latn;language=
DFLT;+tnum;+smcp;"
(fontspec)             - 'bold' (bx/n) with NFSS spec.:
(fontspec)             <->s*[0.95]"[LinBiolinum_RB.otf]/OT:script=latn;language
=DFLT;+tnum;"
(fontspec)             - 'bold small caps'  (bx/sc) with NFSS spec.:
(fontspec)             <->s*[0.95]"[LinBiolinum_RB.otf]/OT:script=latn;language
=DFLT;+tnum;+smcp;"
(fontspec)             - 'italic' (m/it) with NFSS spec.:
(fontspec)             <->s*[0.95]"[LinBiolinum_RI.otf]/OT:script=latn;language
=DFLT;+tnum;"
(fontspec)             - 'italic small caps'  (m/itsc) with NFSS spec.:
(fontspec)             <->s*[0.95]"[LinBiolinum_RI.otf]/OT:script=latn;language
=DFLT;+tnum;+smcp;"
(fontspec)             - 'bold italic' (bx/it) with NFSS spec.:
(fontspec)             <->s*[0.95]"[LinBiolinum_RBO.otf]/OT:script=latn;languag
e=DFLT;+tnum;"
(fontspec)             - 'bold italic small caps'  (bx/itsc) with NFSS spec.:
(fontspec)             <->s*[0.95]"[LinBiolinum_RBO.otf]/OT:script=latn;languag
e=DFLT;+tnum;+smcp;"


Package fontspec Info: Font family 'LinBiolinum(5)' created for font
(fontspec)             'LinBiolinum' with options [Extension = .otf,Numbers =
(fontspec)             {Proportional,},Scale = 0.95,UprightFont =
(fontspec)             *_R,ItalicFont = *_RI,BoldFont = *_RB,BoldItalicFont =
(fontspec)             *_RBO].
(fontspec)              
(fontspec)              This font family consists of the following NFSS
(fontspec)             series/shapes:
(fontspec)              
(fontspec)             - 'normal' (m/n) with NFSS spec.:
(fontspec)             <->s*[0.95]"[LinBiolinum_R.otf]/OT:script=latn;language=
DFLT;+pnum;"
(fontspec)             - 'small caps'  (m/sc) with NFSS spec.:
(fontspec)             <->s*[0.95]"[LinBiolinum_R.otf]/OT:script=latn;language=
DFLT;+pnum;+smcp;"
(fontspec)             - 'bold' (bx/n) with NFSS spec.:
(fontspec)             <->s*[0.95]"[LinBiolinum_RB.otf]/OT:script=latn;language
=DFLT;+pnum;"
(fontspec)             - 'bold small caps'  (bx/sc) with NFSS spec.:
(fontspec)             <->s*[0.95]"[LinBiolinum_RB.otf]/OT:script=latn;language
=DFLT;+pnum;+smcp;"
(fontspec)             - 'italic' (m/it) with NFSS spec.:
(fontspec)             <->s*[0.95]"[LinBiolinum_RI.otf]/OT:script=latn;language
=DFLT;+pnum;"
(fontspec)             - 'italic small caps'  (m/itsc) with NFSS spec.:
(fontspec)             <->s*[0.95]"[LinBiolinum_RI.otf]/OT:script=latn;language
=DFLT;+pnum;+smcp;"
(fontspec)             - 'bold italic' (bx/it) with NFSS spec.:
(fontspec)             <->s*[0.95]"[LinBiolinum_RBO.otf]/OT:script=latn;languag
e=DFLT;+pnum;"
(fontspec)             - 'bold italic small caps'  (bx/itsc) with NFSS spec.:
(fontspec)             <->s*[0.95]"[LinBiolinum_RBO.otf]/OT:script=latn;languag
e=DFLT;+pnum;+smcp;"


("C:\Users\dgatl_000\AppData\Local\Programs\MiKTeX 2.9.6\tex\latex\libertine\Li
nLibertine_R.tex")
("C:\Users\dgatl_000\AppData\Local\Programs\MiKTeX 2.9.6\tex\latex\libertine\Li
nBiolinum_R.tex")
("C:\Users\dgatl_000\AppData\Local\Programs\MiKTeX 2.9.6\tex\latex\libertine\Li
nBiolinum_K.tex")
("C:\Users\dgatl_000\AppData\Local\Programs\MiKTeX 2.9.6\tex\latex\libertine\Li
nLibertine_I.tex")
("C:\Users\dgatl_000\AppData\Local\Programs\MiKTeX 2.9.6\tex\latex\libertine\LK
ey.tex"))
("C:\Users\dgatl_000\AppData\Local\Programs\MiKTeX 2.9.6\tex\latex\xcolor\xcolo
r.sty"
Package: xcolor 2016/05/11 v2.12 LaTeX color extensions (UK)

("C:\Users\dgatl_000\AppData\Local\Programs\MiKTeX 2.9.6\tex\latex\graphics-cfg
\color.cfg"
File: color.cfg 2016/01/02 v1.6 sample color configuration
)
Package xcolor Info: Package option `usenames' ignored on input line 216.
Package xcolor Info: Driver file: xetex.def on input line 225.

("C:\Users\dgatl_000\AppData\Local\Programs\MiKTeX 2.9.6\tex\latex\graphics-def
\xetex.def"
File: xetex.def 2017/06/24 v5.0h Graphics/color driver for xetex
)
Package xcolor Info: Model `cmy' substituted by `cmy0' on input line 1348.
Package xcolor Info: Model `RGB' extended on input line 1364.
Package xcolor Info: Model `HTML' substituted by `rgb' on input line 1366.
Package xcolor Info: Model `Hsb' substituted by `hsb' on input line 1367.
Package xcolor Info: Model `tHsb' substituted by `hsb' on input line 1368.
Package xcolor Info: Model `HSB' substituted by `hsb' on input line 1369.
Package xcolor Info: Model `Gray' substituted by `gray' on input line 1370.
Package xcolor Info: Model `wave' substituted by `hsb' on input line 1371.

("C:\Users\dgatl_000\AppData\Local\Programs\MiKTeX 2.9.6\tex\latex\xcolor\svgna
m.def"
File: svgnam.def 2016/05/11 v2.12 Predefined colors according to SVG 1.1 (UK)
))
("C:\Users\dgatl_000\AppData\Local\Programs\MiKTeX 2.9.6\tex\latex\hyperref\hyp
erref.sty"
Package: hyperref 2018/09/30 v6.88a Hypertext links for LaTeX

("C:\Users\dgatl_000\AppData\Local\Programs\MiKTeX 2.9.6\tex\generic\oberdiek\h
obsub-hyperref.sty"
Package: hobsub-hyperref 2016/05/16 v1.14 Bundle oberdiek, subset hyperref (HO)


("C:\Users\dgatl_000\AppData\Local\Programs\MiKTeX 2.9.6\tex\generic\oberdiek\h
obsub-generic.sty"
Package: hobsub-generic 2016/05/16 v1.14 Bundle oberdiek, subset generic (HO)
Package: hobsub 2016/05/16 v1.14 Construct package bundles (HO)
Package: infwarerr 2016/05/16 v1.4 Providing info/warning/error messages (HO)
Package: ltxcmds 2016/05/16 v1.23 LaTeX kernel commands for general use (HO)
Package hobsub Info: Skipping package `ifluatex' (already loaded).
Package hobsub Info: Skipping package `ifvtex' (already loaded).
Package: intcalc 2016/05/16 v1.2 Expandable calculations with integers (HO)
Package hobsub Info: Skipping package `ifpdf' (already loaded).
Package: etexcmds 2016/05/16 v1.6 Avoid name clashes with e-TeX commands (HO)
Package etexcmds Info: Could not find \expanded.
(etexcmds)             That can mean that you are not using pdfTeX 1.50 or
(etexcmds)             that some package has redefined \expanded.
(etexcmds)             In the latter case, load this package earlier.
Package: kvsetkeys 2016/05/16 v1.17 Key value parser (HO)
Package: kvdefinekeys 2016/05/16 v1.4 Define keys (HO)
Package: pdftexcmds 2018/09/10 v0.29 Utility functions of pdfTeX for LuaTeX (HO
)
Package pdftexcmds Info: LuaTeX not detected.
Package pdftexcmds Info: pdfTeX >= 1.30 not detected.
Package pdftexcmds Info: \pdf@primitive is available.
Package pdftexcmds Info: \pdf@ifprimitive is available.
Package pdftexcmds Info: \pdfdraftmode not found.
Package: pdfescape 2016/05/16 v1.14 Implements pdfTeX's escape features (HO)
Package: bigintcalc 2016/05/16 v1.4 Expandable calculations on big integers (HO
)
Package: bitset 2016/05/16 v1.2 Handle bit-vector datatype (HO)
Package: uniquecounter 2016/05/16 v1.3 Provide unlimited unique counter (HO)
)
Package hobsub Info: Skipping package `hobsub' (already loaded).
Package: letltxmacro 2016/05/16 v1.5 Let assignment for LaTeX macros (HO)
Package: hopatch 2016/05/16 v1.3 Wrapper for package hooks (HO)
Package: xcolor-patch 2016/05/16 xcolor patch
Package: atveryend 2016/05/16 v1.9 Hooks at the very end of document (HO)
Package: atbegshi 2016/06/09 v1.18 At begin shipout hook (HO)
Package: refcount 2016/05/16 v3.5 Data extraction from label references (HO)
Package: hycolor 2016/05/16 v1.8 Color options for hyperref/bookmark (HO)
)
("C:\Users\dgatl_000\AppData\Local\Programs\MiKTeX 2.9.6\tex\latex\oberdiek\aux
hook.sty"
Package: auxhook 2016/05/16 v1.4 Hooks for auxiliary files (HO)
)
("C:\Users\dgatl_000\AppData\Local\Programs\MiKTeX 2.9.6\tex\latex\oberdiek\kvo
ptions.sty"
Package: kvoptions 2016/05/16 v3.12 Key value format for package options (HO)
)
\@linkdim=\dimen162
\Hy@linkcounter=\count198
\Hy@pagecounter=\count266

("C:\Users\dgatl_000\AppData\Local\Programs\MiKTeX 2.9.6\tex\latex\hyperref\pd1
enc.def"
File: pd1enc.def 2018/09/30 v6.88a Hyperref: PDFDocEncoding definition (HO)
)
\Hy@SavedSpaceFactor=\count267

("C:\Users\dgatl_000\AppData\Local\Programs\MiKTeX 2.9.6\tex\latex\00miktex\hyp
erref.cfg"
File: hyperref.cfg 2002/06/06 v1.2 hyperref configuration of TeXLive
)
Package hyperref Info: Hyper figures OFF on input line 4535.
Package hyperref Info: Link nesting OFF on input line 4540.
Package hyperref Info: Hyper index ON on input line 4543.
Package hyperref Info: Plain pages OFF on input line 4550.
Package hyperref Info: Backreferencing OFF on input line 4555.
Package hyperref Info: Implicit mode ON; LaTeX internals redefined.
Package hyperref Info: Bookmarks ON on input line 4788.
\c@Hy@tempcnt=\count268

("C:\Users\dgatl_000\AppData\Local\Programs\MiKTeX 2.9.6\tex\latex\url\url.sty"
\Urlmuskip=\muskip16
Package: url 2013/09/16  ver 3.4  Verb mode for urls, etc.
)
LaTeX Info: Redefining \url on input line 5141.
\XeTeXLinkMargin=\dimen163
Requested font "pzdr" at 0.00002pt
\Fld@menulength=\count269
\Field@Width=\dimen164
\Fld@charsize=\dimen165
Package hyperref Info: Hyper figures OFF on input line 6396.
Package hyperref Info: Link nesting OFF on input line 6401.
Package hyperref Info: Hyper index ON on input line 6404.
Package hyperref Info: backreferencing OFF on input line 6411.
Package hyperref Info: Link coloring OFF on input line 6416.
Package hyperref Info: Link coloring with OCG OFF on input line 6421.
Package hyperref Info: PDF/A mode OFF on input line 6426.
LaTeX Info: Redefining \ref on input line 6466.
LaTeX Info: Redefining \pageref on input line 6470.
\Hy@abspage=\count270
\c@Item=\count271
\c@Hfootnote=\count272
)
Package hyperref Info: Driver (autodetected): hxetex.

("C:\Users\dgatl_000\AppData\Local\Programs\MiKTeX 2.9.6\tex\latex\hyperref\hxe
tex.def"
File: hxetex.def 2018/09/30 v6.88a Hyperref driver for XeTeX

("C:\Users\dgatl_000\AppData\Local\Programs\MiKTeX 2.9.6\tex\latex\hyperref\pue
nc.def"
File: puenc.def 2018/09/30 v6.88a Hyperref: PDF Unicode definition (HO)
)
("C:\Users\dgatl_000\AppData\Local\Programs\MiKTeX 2.9.6\tex\generic\oberdiek\s
tringenc.sty"
Package: stringenc 2016/05/16 v1.11 Convert strings between diff. encodings (HO
)
)
\pdfm@box=\box48
\c@Hy@AnnotLevel=\count273
\HyField@AnnotCount=\count274
\Fld@listcount=\count275
\c@bookmark@seq@number=\count276

("C:\Users\dgatl_000\AppData\Local\Programs\MiKTeX 2.9.6\tex\latex\oberdiek\rer
unfilecheck.sty"
Package: rerunfilecheck 2016/05/16 v1.8 Rerun checks for auxiliary files (HO)
Package uniquecounter Info: New unique counter `rerunfilecheck' on input line 2
82.
)
\Hy@SectionHShift=\skip54
)
Package hyperref Info: Option `colorlinks' set `true' on input line 92.
Package hyperref Info: Option `breaklinks' set `true' on input line 92.

("C:\Users\dgatl_000\AppData\Local\Programs\MiKTeX 2.9.6\tex\latex\fancyhdr\fan
cyhdr.sty"
Package: fancyhdr 2017/06/30 v3.9a Extensive control of page headers and footer
s
\f@nch@headwidth=\skip55
\f@nch@O@elh=\skip56
\f@nch@O@erh=\skip57
\f@nch@O@olh=\skip58
\f@nch@O@orh=\skip59
\f@nch@O@elf=\skip60
\f@nch@O@erf=\skip61
\f@nch@O@olf=\skip62
\f@nch@O@orf=\skip63
)
("C:\Users\dgatl_000\AppData\Local\Programs\MiKTeX 2.9.6\tex\latex\titlesec\tit
lesec.sty"
Package: titlesec 2016/03/21 v2.10.2 Sectioning titles
\ttl@box=\box49
\beforetitleunit=\skip64
\aftertitleunit=\skip65
\ttl@plus=\dimen166
\ttl@minus=\dimen167
\ttl@toksa=\toks19
\titlewidth=\dimen168
\titlewidthlast=\dimen169
\titlewidthfirst=\dimen170
))
("C:\Users\dgatl_000\AppData\Local\Programs\MiKTeX 2.9.6\tex\latex\siunitx\siun
itx.sty"
Package: siunitx 2018/05/17 v2.7s A comprehensive (SI) units package

("C:\Users\dgatl_000\AppData\Local\Programs\MiKTeX 2.9.6\tex\latex\amsmath\amst
ext.sty"
Package: amstext 2000/06/29 v2.01 AMS text

("C:\Users\dgatl_000\AppData\Local\Programs\MiKTeX 2.9.6\tex\latex\amsmath\amsg
en.sty"
File: amsgen.sty 1999/11/30 v2.0 generic functions
\@emptytoks=\toks20
\ex@=\dimen171
))
("C:\Users\dgatl_000\AppData\Local\Programs\MiKTeX 2.9.6\tex\latex\tools\array.
sty"
Package: array 2018/04/30 v2.4h Tabular extension package (FMi)
\col@sep=\dimen172
\ar@mcellbox=\box50
\extrarowheight=\dimen173
\NC@list=\toks21
\extratabsurround=\skip66
\backup@length=\skip67
\ar@cellbox=\box51
)
("C:\Users\dgatl_000\AppData\Local\Programs\MiKTeX 2.9.6\tex\latex\l3packages\l
3keys2e\l3keys2e.sty"
Package: l3keys2e 2018-10-17 LaTeX2e option processing using LaTeX3 keys
)
\l__siunitx_tmp_box=\box52
\l__siunitx_tmp_dim=\dimen174
\l__siunitx_tmp_int=\count277
\l__siunitx_number_mantissa_length_int=\count278
\l__siunitx_number_uncert_length_int=\count279
\l__siunitx_round_int=\count280
\l__siunitx_process_decimal_int=\count281
\l__siunitx_process_uncertainty_int=\count282
\l__siunitx_process_fixed_int=\count283
\l__siunitx_process_integer_min_int=\count284
\l__siunitx_process_precision_int=\count285
\l__siunitx_group_min_int=\count286
\l__siunitx_angle_marker_box=\box53
\l__siunitx_angle_unit_box=\box54
\l__siunitx_angle_marker_dim=\dimen175
\l__siunitx_angle_unit_dim=\dimen176
\l__siunitx_unit_int=\count287
\l__siunitx_unit_denominator_int=\count288
\l__siunitx_unit_numerator_int=\count289
\l__siunitx_unit_prefix_int=\count290
\l__siunitx_unit_prefix_base_int=\count291
\l__siunitx_unit_prefix_gram_int=\count292
\l__siunitx_number_product_int=\count293
\c__siunitx_one_fill_skip=\skip68
\l__siunitx_table_unit_align_skip=\skip69
\l__siunitx_table_exponent_dim=\dimen177
\l__siunitx_table_integer_dim=\dimen178
\l__siunitx_table_mantissa_dim=\dimen179
\l__siunitx_table_marker_dim=\dimen180
\l__siunitx_table_result_dim=\dimen181
\l__siunitx_table_uncert_dim=\dimen182
\l__siunitx_table_fill_pre_dim=\dimen183
\l__siunitx_table_fill_post_dim=\dimen184
\l__siunitx_table_fill_mid_dim=\dimen185
\l__siunitx_table_pre_box=\box55
\l__siunitx_table_post_box=\box56
\l__siunitx_table_mantissa_box=\box57
\l__siunitx_table_result_box=\box58
\l__siunitx_table_number_align_skip=\skip70
\l__siunitx_table_text_align_skip=\skip71

("C:\Users\dgatl_000\AppData\Local\Programs\MiKTeX 2.9.6\tex\latex\translator\t
ranslator.sty"
Package: translator 2018/01/04 v1.12 Easy translation of strings in LaTeX
)) (resume_spring_2019.aux)
\openout1 = `resume_spring_2019.aux'.

LaTeX Font Info:    Checking defaults for OML/cmm/m/it on input line 37.
LaTeX Font Info:    ... okay on input line 37.
LaTeX Font Info:    Checking defaults for T1/cmr/m/n on input line 37.
LaTeX Font Info:    ... okay on input line 37.
LaTeX Font Info:    Checking defaults for OT1/cmr/m/n on input line 37.
LaTeX Font Info:    ... okay on input line 37.
LaTeX Font Info:    Checking defaults for OMS/cmsy/m/n on input line 37.
LaTeX Font Info:    ... okay on input line 37.
LaTeX Font Info:    Checking defaults for TU/lmr/m/n on input line 37.
LaTeX Font Info:    ... okay on input line 37.
LaTeX Font Info:    Checking defaults for OMX/cmex/m/n on input line 37.
LaTeX Font Info:    ... okay on input line 37.
LaTeX Font Info:    Checking defaults for U/cmr/m/n on input line 37.
LaTeX Font Info:    ... okay on input line 37.
LaTeX Font Info:    Checking defaults for TS1/cmr/m/n on input line 37.
LaTeX Font Info:    Try loading font information for TS1+cmr on input line 37.

("C:\Users\dgatl_000\AppData\Local\Programs\MiKTeX 2.9.6\tex\latex\base\ts1cmr.
fd"
File: ts1cmr.fd 2014/09/29 v2.5h Standard LaTeX font definitions
)
LaTeX Font Info:    ... okay on input line 37.
LaTeX Font Info:    Checking defaults for PD1/pdf/m/n on input line 37.
LaTeX Font Info:    ... okay on input line 37.
LaTeX Font Info:    Checking defaults for PU/pdf/m/n on input line 37.
LaTeX Font Info:    ... okay on input line 37.

*geometry* detected driver: pdftex
*geometry* verbose mode - [ preamble ] result:
* driver: pdftex
* paper: a4paper
* layout: <same size as paper>
* layoutoffset:(h,v)=(0.0pt,0.0pt)
* modes: 
* h-part:(L,W,R)=(42.67912pt, 512.14963pt, 42.67912pt)
* v-part:(T,H,B)=(49.79231pt, 745.46222pt, 49.79231pt)
* \paperwidth=597.50787pt
* \paperheight=845.04684pt
* \textwidth=512.14963pt
* \textheight=745.46222pt
* \oddsidemargin=-29.59087pt
* \evensidemargin=-29.59087pt
* \topmargin=-59.47768pt
* \headheight=12.0pt
* \headsep=25.0pt
* \topskip=10.0pt
* \footskip=30.0pt
* \marginparwidth=65.0pt
* \marginparsep=11.0pt
* \columnsep=25.60904pt
* \skip\footins=9.0pt plus 4.0pt minus 2.0pt
* \hoffset=0.0pt
* \voffset=0.0pt
* \mag=1000
* \@twocolumnfalse
* \@twosidefalse
* \@mparswitchfalse
* \@reversemarginfalse
* (1in=72.27pt=25.4mm, 1cm=28.453pt)


Package fontspec Info: Adjusting the maths setup (use [no-math] to avoid
(fontspec)             this).

\symlegacymaths=\mathgroup4
LaTeX Font Info:    Overwriting symbol font `legacymaths' in version `bold'
(Font)                  OT1/cmr/m/n --> OT1/cmr/bx/n on input line 37.
LaTeX Font Info:    Redeclaring math accent \acute on input line 37.
LaTeX Font Info:    Redeclaring math accent \grave on input line 37.
LaTeX Font Info:    Redeclaring math accent \ddot on input line 37.
LaTeX Font Info:    Redeclaring math accent \tilde on input line 37.
LaTeX Font Info:    Redeclaring math accent \bar on input line 37.
LaTeX Font Info:    Redeclaring math accent \breve on input line 37.
LaTeX Font Info:    Redeclaring math accent \check on input line 37.
LaTeX Font Info:    Redeclaring math accent \hat on input line 37.
LaTeX Font Info:    Redeclaring math accent \dot on input line 37.
LaTeX Font Info:    Redeclaring math accent \mathring on input line 37.
LaTeX Font Info:    Redeclaring math symbol \colon on input line 37.
LaTeX Font Info:    Redeclaring math symbol \Gamma on input line 37.
LaTeX Font Info:    Redeclaring math symbol \Delta on input line 37.
LaTeX Font Info:    Redeclaring math symbol \Theta on input line 37.
LaTeX Font Info:    Redeclaring math symbol \Lambda on input line 37.
LaTeX Font Info:    Redeclaring math symbol \Xi on input line 37.
LaTeX Font Info:    Redeclaring math symbol \Pi on input line 37.
LaTeX Font Info:    Redeclaring math symbol \Sigma on input line 37.
LaTeX Font Info:    Redeclaring math symbol \Upsilon on input line 37.
LaTeX Font Info:    Redeclaring math symbol \Phi on input line 37.
LaTeX Font Info:    Redeclaring math symbol \Psi on input line 37.
LaTeX Font Info:    Redeclaring math symbol \Omega on input line 37.
LaTeX Font Info:    Redeclaring math symbol \mathdollar on input line 37.
LaTeX Font Info:    Redeclaring symbol font `operators' on input line 37.
LaTeX Font Info:    Encoding `OT1' has changed to `TU' for symbol font
(Font)              `operators' in the math version `normal' on input line 37.
LaTeX Font Info:    Overwriting symbol font `operators' in version `normal'
(Font)                  OT1/cmr/m/n --> TU/EBGaramond(0)/m/n on input line 37.
LaTeX Font Info:    Encoding `OT1' has changed to `TU' for symbol font
(Font)              `operators' in the math version `bold' on input line 37.
LaTeX Font Info:    Overwriting symbol font `operators' in version `bold'
(Font)                  OT1/cmr/bx/n --> TU/EBGaramond(0)/m/n on input line 37.

LaTeX Font Info:    Overwriting symbol font `operators' in version `normal'
(Font)                  TU/EBGaramond(0)/m/n --> TU/EBGaramond(0)/m/n on input 
line 37.
LaTeX Font Info:    Overwriting math alphabet `\mathit' in version `normal'
(Font)                  OT1/cmr/m/it --> TU/EBGaramond(0)/m/it on input line 37
.
LaTeX Font Info:    Overwriting math alphabet `\mathbf' in version `normal'
(Font)                  OT1/cmr/bx/n --> TU/EBGaramond(0)/bx/n on input line 37
.
LaTeX Font Info:    Overwriting math alphabet `\mathsf' in version `normal'
(Font)                  OT1/cmss/m/n --> TU/LinBiolinum(0)/m/n on input line 37
.
LaTeX Font Info:    Overwriting math alphabet `\mathtt' in version `normal'
(Font)                  OT1/cmtt/m/n --> TU/LinLibertine(4)/m/n on input line 3
7.
LaTeX Font Info:    Overwriting symbol font `operators' in version `bold'
(Font)                  TU/EBGaramond(0)/m/n --> TU/EBGaramond(0)/bx/n on input
 line 37.
LaTeX Font Info:    Overwriting math alphabet `\mathit' in version `bold'
(Font)                  OT1/cmr/bx/it --> TU/EBGaramond(0)/bx/it on input line 
37.
LaTeX Font Info:    Overwriting math alphabet `\mathsf' in version `bold'
(Font)                  OT1/cmss/bx/n --> TU/LinBiolinum(0)/bx/n on input line 
37.
LaTeX Font Info:    Overwriting math alphabet `\mathtt' in version `bold'
(Font)                  OT1/cmtt/m/n --> TU/LinLibertine(4)/bx/n on input line 
37.
\AtBeginShipoutBox=\box59
Package hyperref Info: Link coloring ON on input line 37.

("C:\Users\dgatl_000\AppData\Local\Programs\MiKTeX 2.9.6\tex\latex\hyperref\nam
eref.sty"
Package: nameref 2016/05/21 v2.44 Cross-referencing by name of section

("C:\Users\dgatl_000\AppData\Local\Programs\MiKTeX 2.9.6\tex\generic\oberdiek\g
ettitlestring.sty"
Package: gettitlestring 2016/05/16 v1.5 Cleanup title references (HO)
)
\c@section@level=\count294
)
LaTeX Info: Redefining \ref on input line 37.
LaTeX Info: Redefining \pageref on input line 37.
LaTeX Info: Redefining \nameref on input line 37.
 (resume_spring_2019.out) (resume_spring_2019.out)
\@outlinefile=\write3
\openout3 = `resume_spring_2019.out'.


("C:\Users\dgatl_000\AppData\Local\Programs\MiKTeX 2.9.6\tex\latex\translator\t
ranslator-basic-dictionary-English.dict"
Dictionary: translator-basic-dictionary, Language: English 
)
("C:\Users\dgatl_000\AppData\Local\Programs\MiKTeX 2.9.6\tex\latex\siunitx\siun
itx-abbreviations.cfg"
File: siunitx-abbreviations.cfg 2017/11/26 v2.7k siunitx: Abbreviated units
)
Requested font "[fonts/EBGaramond-Regular.ttf]/OT:script=latn;language=DFLT;map
ping=tex-text;" at 7.0pt
 -> ./fonts/EBGaramond-Regular.ttf
Requested font "[fonts/EBGaramond-Regular.ttf]/OT:script=latn;language=DFLT;map
ping=tex-text;" at 5.0pt
 -> ./fonts/EBGaramond-Regular.ttf
LaTeX Font Info:    External font `cmex10' loaded for size
(Font)              <7> on input line 37.
LaTeX Font Info:    External font `cmex10' loaded for size
(Font)              <5> on input line 37.
LaTeX Font Info:    Font shape `TU/LinBiolinum(0)/m/n' will be
(Font)              scaled to size 9.49997pt on input line 37.
Requested font "[LinBiolinum_R.otf]/OT:script=latn;language=DFLT;+tnum;mapping=
tex-text;" at 9.49997pt
 -> C:/Users/dgatl_000/AppData/Local/Programs/MiKTeX 2.9.6/fonts/opentype/publi
c/libertine/LinBiolinum_R.otf
LaTeX Font Info:    Font shape `TU/LinBiolinum(0)/m/n' will be
(Font)              scaled to size 6.64998pt on input line 37.
Requested font "[LinBiolinum_R.otf]/OT:script=latn;language=DFLT;+tnum;mapping=
tex-text;" at 6.64998pt
 -> C:/Users/dgatl_000/AppData/Local/Programs/MiKTeX 2.9.6/fonts/opentype/publi
c/libertine/LinBiolinum_R.otf
LaTeX Font Info:    Font shape `TU/LinBiolinum(0)/m/n' will be
(Font)              scaled to size 4.74998pt on input line 37.
Requested font "[LinBiolinum_R.otf]/OT:script=latn;language=DFLT;+tnum;mapping=
tex-text;" at 4.74998pt
 -> C:/Users/dgatl_000/AppData/Local/Programs/MiKTeX 2.9.6/fonts/opentype/publi
c/libertine/LinBiolinum_R.otf
LaTeX Font Info:    Font shape `TU/LinLibertine(4)/m/n' will be
(Font)              scaled to size 10.0pt on input line 37.
Requested font "[LinLibertine_M.otf]/OT:script=latn;language=DFLT;" at 10.0pt
 -> C:/Users/dgatl_000/AppData/Local/Programs/MiKTeX 2.9.6/fonts/opentype/publi
c/libertine/LinLibertine_M.otf
LaTeX Font Info:    Font shape `TU/LinLibertine(4)/m/n' will be
(Font)              scaled to size 7.0pt on input line 37.
Requested font "[LinLibertine_M.otf]/OT:script=latn;language=DFLT;" at 7.0pt
 -> C:/Users/dgatl_000/AppData/Local/Programs/MiKTeX 2.9.6/fonts/opentype/publi
c/libertine/LinLibertine_M.otf
LaTeX Font Info:    Font shape `TU/LinLibertine(4)/m/n' will be
(Font)              scaled to size 5.0pt on input line 37.
Requested font "[LinLibertine_M.otf]/OT:script=latn;language=DFLT;" at 5.0pt
 -> C:/Users/dgatl_000/AppData/Local/Programs/MiKTeX 2.9.6/fonts/opentype/publi
c/libertine/LinLibertine_M.otf
LaTeX Font Info:    Font shape `TU/LinBiolinum(0)/m/n' will be
(Font)              scaled to size 23.63593pt on input line 50.
Requested font "[LinBiolinum_R.otf]/OT:script=latn;language=DFLT;+tnum;mapping=
tex-text;" at 23.63593pt
 -> C:/Users/dgatl_000/AppData/Local/Programs/MiKTeX 2.9.6/fonts/opentype/publi
c/libertine/LinBiolinum_R.otf
Requested font "[fonts/EBGaramond-Regular.ttf]/OT:script=latn;language=DFLT;map
ping=tex-text;" at 24.88pt
 -> ./fonts/EBGaramond-Regular.ttf
Requested font "[fonts/freebooterscript]/OT" at 24.88pt
 -> ./fonts/freebooterscript.ttf
Requested font "[fonts/EBGaramond-Regular.ttf]/OT:script=latn;language=DFLT;map
ping=tex-text;" at 9.0pt
 -> ./fonts/EBGaramond-Regular.ttf
Requested font "[fonts/FontAwesome]/OT" at 9.0pt
 -> ./fonts/FontAwesome.otf
Requested font "[fonts/EBGaramond-SC.ttf]/OT:script=latn;language=DFLT;mapping=
tex-text;" at 10.0pt
 -> ./fonts/EBGaramond-SC.ttf
Requested font "[fonts/EBGaramond-SC.ttf]/OT:script=latn;language=DFLT;mapping=
tex-text;" at 17.28pt
 -> ./fonts/EBGaramond-SC.ttf

("C:\Users\dgatl_000\AppData\Local\Programs\MiKTeX 2.9.6\tex\generic\oberdiek\s
e-ascii-print.def"
File: se-ascii-print.def 2016/05/16 v1.11 stringenc: Printable ASCII characters

)
Requested font "[fonts/EBGaramond-Regular.ttf]/OT:script=latn;language=DFLT;map
ping=tex-text;" at 14.4pt
 -> ./fonts/EBGaramond-Regular.ttf
Requested font "[fonts/EBGaramond-Regular.ttf]/OT:script=latn;language=DFLT;map
ping=tex-text;" at 12.0pt
 -> ./fonts/EBGaramond-Regular.ttf
Requested font "[fonts/EBGaramond-Italic.ttf]/OT:script=latn;language=DFLT;mapp
ing=tex-text;" at 12.0pt
 -> ./fonts/EBGaramond-Italic.ttf
Requested font "[fonts/EBGaramond-BoldItalic.ttf]/OT:script=latn;language=DFLT;
mapping=tex-text;" at 12.0pt
 -> ./fonts/EBGaramond-BoldItalic.ttf
Requested font "[fonts/EBGaramond-SC.ttf]/OT:script=latn;language=DFLT;mapping=
tex-text;" at 8.0pt
 -> ./fonts/EBGaramond-SC.ttf

Overfull \hbox (0.47794pt too wide) in paragraph at lines 135--136
[]\TU/EBGaramond(0)/m/n/10 Select observation targets given weather conditions 
and target pri-
 []

Requested font "[fonts/EBGaramond-Bold.ttf]/OT:script=latn;language=DFLT;mappin
g=tex-text;" at 10.0pt
 -> ./fonts/EBGaramond-Bold.ttf

Overfull \hbox (19.67824pt too wide) in paragraph at lines 227--249
[] 
 []

Requested font "[fonts/EBGaramond-Bold.ttf]/OT:script=latn;language=DFLT;mappin
g=tex-text;" at 14.4pt
 -> ./fonts/EBGaramond-Bold.ttf
Requested font "[fonts/EBGaramond-Italic.ttf]/OT:script=latn;language=DFLT;mapp
ing=tex-text;" at 10.0pt
 -> ./fonts/EBGaramond-Italic.ttf

Overfull \hbox (293.20784pt too wide) in paragraph at lines 268--276
[]$[]$ 
 []


Overfull \hbox (293.20784pt too wide) in paragraph at lines 277--299
[]$[]$
 []


Overfull \hbox (293.20784pt too wide) in paragraph at lines 277--299
[]$
 []


Overfull \hbox (293.20784pt too wide) in paragraph at lines 277--299
[]$ 
 []

[1

]
Package atveryend Info: Empty hook `BeforeClearDocument' on input line 306.
Package atveryend Info: Empty hook `AfterLastShipout' on input line 306.
 (resume_spring_2019.aux)
Package atveryend Info: Empty hook `AtVeryEndDocument' on input line 306.
Package atveryend Info: Executing hook `AtEndAfterFileList' on input line 306.
Package rerunfilecheck Info: File `resume_spring_2019.out' has not changed.
(rerunfilecheck)             Checksum: C30DDACD1CFD44258EA77C94D313E4A0.
 ) 
Here is how much of TeX's memory you used:
 35159 strings out of 427792
 698141 string characters out of 3146620
 705718 words of memory out of 3000000
 38949 multiletter control sequences out of 15000+200000
 533163 words of font info for 76 fonts, out of 3000000 for 9000
 1328 hyphenation exceptions out of 8191
 55i,14n,85p,898b,1065s stack positions out of 5000i,500n,10000p,200000b,50000s

Output written on resume_spring_2019.pdf (1 page).
